[ 2020-12-09T23:52:56+08:00 ] ::1 /fitness/index.php/Home/User/login
INFO: [ app_init ] --START--
INFO: Run Behavior\BuildLiteBehavior [ RunTime:0.000007s ]
INFO: [ app_init ] --END-- [ RunTime:0.033362s ]
INFO: [ app_begin ] --START--
INFO: Run Behavior\ReadHtmlCacheBehavior [ RunTime:0.027186s ]
INFO: [ app_begin ] --END-- [ RunTime:0.027218s ]
SQL: SHOW COLUMNS FROM `user_book` [ RunTime:0.0052s ]
SQL: SELECT * FROM `user_book` WHERE `phone` = 110 LIMIT 1   [ RunTime:0.0003s ]

[ 2020-12-09T23:54:39+08:00 ] ::1 /fitness/index.php/Home/User/sign
INFO: [ app_init ] --START--
INFO: Run Behavior\BuildLiteBehavior [ RunTime:0.000005s ]
INFO: [ app_init ] --END-- [ RunTime:0.000215s ]
INFO: [ app_begin ] --START--
INFO: Run Behavior\ReadHtmlCacheBehavior [ RunTime:0.000271s ]
INFO: [ app_begin ] --END-- [ RunTime:0.000288s ]
NOTIC: [8] Undefined index: phone E:\phpstudy_pro\WWW\fitness\Application\Home\Controller\UserController.class.php 第 15 行.

[ 2020-12-09T23:55:45+08:00 ] ::1 /fitness/index.php/Home/User/sign
INFO: [ app_init ] --START--
INFO: Run Behavior\BuildLiteBehavior [ RunTime:0.000005s ]
INFO: [ app_init ] --END-- [ RunTime:0.000250s ]
INFO: [ app_begin ] --START--
INFO: Run Behavior\ReadHtmlCacheBehavior [ RunTime:0.000286s ]
INFO: [ app_begin ] --END-- [ RunTime:0.000302s ]
SQL: SHOW COLUMNS FROM `user_book` [ RunTime:0.0008s ]
SQL: SELECT * FROM `user_book` WHERE `phone` = 131 LIMIT 1   [ RunTime:0.0002s ]
SQL: INSERT INTO `user_book` (`username`,`phone`,`face_url`) VALUES ('老憨迪','131','pig.jpg') [ RunTime:0.0322s ]
INFO: [ app_end ] --START--
INFO: Run Behavior\ShowPageTraceBehavior [ RunTime:0.022001s ]
INFO: [ app_end ] --END-- [ RunTime:0.022026s ]

[ 2020-12-09T23:56:16+08:00 ] ::1 /fitness/index.php/Home/User/sign
INFO: [ app_init ] --START--
INFO: Run Behavior\BuildLiteBehavior [ RunTime:0.000017s ]
INFO: [ app_init ] --END-- [ RunTime:0.000243s ]
INFO: [ app_begin ] --START--
INFO: Run Behavior\ReadHtmlCacheBehavior [ RunTime:0.000260s ]
INFO: [ app_begin ] --END-- [ RunTime:0.000277s ]
SQL: SHOW COLUMNS FROM `user_book` [ RunTime:0.0060s ]
SQL: SELECT * FROM `user_book` WHERE `phone` = 131 LIMIT 1   [ RunTime:0.0002s ]

[ 2020-12-09T23:57:31+08:00 ] ::1 /fitness/index.php/Home/User/login
INFO: [ app_init ] --START--
INFO: Run Behavior\BuildLiteBehavior [ RunTime:0.000007s ]
INFO: [ app_init ] --END-- [ RunTime:0.000293s ]
INFO: [ app_begin ] --START--
INFO: Run Behavior\ReadHtmlCacheBehavior [ RunTime:0.000273s ]
INFO: [ app_begin ] --END-- [ RunTime:0.000289s ]
NOTIC: [8] Undefined index: phone E:\phpstudy_pro\WWW\fitness\Application\Home\Controller\UserController.class.php 第 72 行.

[ 2020-12-09T23:58:01+08:00 ] ::1 /fitness/index.php/Home/User/login
INFO: [ app_init ] --START--
INFO: Run Behavior\BuildLiteBehavior [ RunTime:0.000005s ]
INFO: [ app_init ] --END-- [ RunTime:0.000280s ]
INFO: [ app_begin ] --START--
INFO: Run Behavior\ReadHtmlCacheBehavior [ RunTime:0.000340s ]
INFO: [ app_begin ] --END-- [ RunTime:0.000393s ]
SQL: SHOW COLUMNS FROM `user_book` [ RunTime:0.0008s ]
SQL: SELECT * FROM `user_book` WHERE `phone` = 131 LIMIT 1   [ RunTime:0.0002s ]

