[ 2020-12-10T00:01:55+08:00 ] ::1 /fitness/index.php/Home/Message/borrow_message
INFO: [ app_init ] --START--
INFO: Run Behavior\BuildLiteBehavior [ RunTime:0.000006s ]
INFO: [ app_init ] --END-- [ RunTime:0.000265s ]
INFO: [ app_begin ] --START--
INFO: Run Behavior\ReadHtmlCacheBehavior [ RunTime:0.000399s ]
INFO: [ app_begin ] --END-- [ RunTime:0.000424s ]
SQL: SHOW COLUMNS FROM `equipment_message` [ RunTime:0.0008s ]
NOTIC: [8] Undefined variable: POST E:\phpstudy_pro\WWW\fitness\Application\Home\Controller\MessageController.class.php 第 145 行.
SQL: SELECT * FROM `equipment_message` WHERE `user_id` = 1 AND `word_content` = null LIMIT 1   [ RunTime:0.0002s ]

[ 2020-12-10T00:03:51+08:00 ] ::1 /fitness/index.php/Home/Message/borrow_message
INFO: [ app_init ] --START--
INFO: Run Behavior\BuildLiteBehavior [ RunTime:0.000006s ]
INFO: [ app_init ] --END-- [ RunTime:0.000214s ]
INFO: [ app_begin ] --START--
INFO: Run Behavior\ReadHtmlCacheBehavior [ RunTime:0.000289s ]
INFO: [ app_begin ] --END-- [ RunTime:0.000331s ]
SQL: SHOW COLUMNS FROM `equipment_message` [ RunTime:0.0008s ]
NOTIC: [8] Undefined variable: POST E:\phpstudy_pro\WWW\fitness\Application\Home\Controller\MessageController.class.php 第 145 行.
SQL: SELECT * FROM `equipment_message` WHERE `user_id` = 1 AND `word_content` = null LIMIT 1   [ RunTime:0.0004s ]

[ 2020-12-10T00:05:19+08:00 ] ::1 /fitness/index.php/Home/Message/borrow_message
INFO: [ app_init ] --START--
INFO: Run Behavior\BuildLiteBehavior [ RunTime:0.000006s ]
INFO: [ app_init ] --END-- [ RunTime:0.000310s ]
INFO: [ app_begin ] --START--
INFO: Run Behavior\ReadHtmlCacheBehavior [ RunTime:0.000316s ]
INFO: [ app_begin ] --END-- [ RunTime:0.000335s ]

[ 2020-12-10T00:05:29+08:00 ] ::1 /fitness/index.php/Home/Message/borrow_message
INFO: [ app_init ] --START--
INFO: Run Behavior\BuildLiteBehavior [ RunTime:0.000006s ]
INFO: [ app_init ] --END-- [ RunTime:0.000233s ]
INFO: [ app_begin ] --START--
INFO: Run Behavior\ReadHtmlCacheBehavior [ RunTime:0.000286s ]
INFO: [ app_begin ] --END-- [ RunTime:0.000304s ]
SQL: SHOW COLUMNS FROM `equipment_message` [ RunTime:0.0007s ]
NOTIC: [8] Undefined variable: POST E:\phpstudy_pro\WWW\fitness\Application\Home\Controller\MessageController.class.php 第 145 行.
SQL: SELECT * FROM `equipment_message` WHERE `user_id` = 1 AND `word_content` = null LIMIT 1   [ RunTime:0.0003s ]

[ 2020-12-10T00:06:13+08:00 ] ::1 /fitness/index.php/Home/Message/borrow_message
INFO: [ app_init ] --START--
INFO: Run Behavior\BuildLiteBehavior [ RunTime:0.000006s ]
INFO: [ app_init ] --END-- [ RunTime:0.000313s ]
INFO: [ app_begin ] --START--
INFO: Run Behavior\ReadHtmlCacheBehavior [ RunTime:0.000314s ]
INFO: [ app_begin ] --END-- [ RunTime:0.000350s ]

[ 2020-12-10T00:06:19+08:00 ] ::1 /fitness/index.php/Home/Message/borrow_message
INFO: [ app_init ] --START--
INFO: Run Behavior\BuildLiteBehavior [ RunTime:0.000005s ]
INFO: [ app_init ] --END-- [ RunTime:0.000306s ]
INFO: [ app_begin ] --START--
INFO: Run Behavior\ReadHtmlCacheBehavior [ RunTime:0.000296s ]
INFO: [ app_begin ] --END-- [ RunTime:0.000313s ]
SQL: SHOW COLUMNS FROM `equipment_message` [ RunTime:0.0009s ]
NOTIC: [8] Undefined variable: POST E:\phpstudy_pro\WWW\fitness\Application\Home\Controller\MessageController.class.php 第 145 行.
SQL: SELECT * FROM `equipment_message` WHERE `user_id` = 1 AND `word_content` = null LIMIT 1   [ RunTime:0.0003s ]

[ 2020-12-10T00:08:08+08:00 ] ::1 /fitness/index.php/Home/Message/borrow_message
INFO: [ app_init ] --START--
INFO: Run Behavior\BuildLiteBehavior [ RunTime:0.000006s ]
INFO: [ app_init ] --END-- [ RunTime:0.000247s ]
INFO: [ app_begin ] --START--
INFO: Run Behavior\ReadHtmlCacheBehavior [ RunTime:0.000299s ]
INFO: [ app_begin ] --END-- [ RunTime:0.000319s ]
SQL: SHOW COLUMNS FROM `equipment_message` [ RunTime:0.0005s ]
SQL: SELECT * FROM `equipment_message` WHERE `user_id` = 1 AND `word_content` = '哑铃' LIMIT 1   [ RunTime:0.0002s ]
NOTIC: [8] Undefined variable: POST E:\phpstudy_pro\WWW\fitness\Application\Home\Controller\MessageController.class.php 第 165 行.
SQL: UPDATE `equipment_message` SET `state`='1',`borrower_id`='2',`borrower_name`='0' WHERE `user_id` = 1 AND `word_content` = null [ RunTime:0.0292s ]

[ 2020-12-10T00:09:11+08:00 ] ::1 /fitness/index.php/Home/Message/borrow_message
INFO: [ app_init ] --START--
INFO: Run Behavior\BuildLiteBehavior [ RunTime:0.000005s ]
INFO: [ app_init ] --END-- [ RunTime:0.000224s ]
INFO: [ app_begin ] --START--
INFO: Run Behavior\ReadHtmlCacheBehavior [ RunTime:0.000280s ]
INFO: [ app_begin ] --END-- [ RunTime:0.000344s ]
SQL: SHOW COLUMNS FROM `equipment_message` [ RunTime:0.0006s ]
SQL: SELECT * FROM `equipment_message` WHERE `user_id` = 1 AND `word_content` = '哑铃' LIMIT 1   [ RunTime:0.0002s ]
NOTIC: [8] Undefined variable: POST E:\phpstudy_pro\WWW\fitness\Application\Home\Controller\MessageController.class.php 第 165 行.
SQL: UPDATE `equipment_message` SET `state`='1',`borrower_id`='2',`borrower_name`='0' WHERE `user_id` = 1 AND `word_content` = null [ RunTime:0.0002s ]
NOTIC: [8] Undefined variable: dump E:\phpstudy_pro\WWW\fitness\Application\Home\Controller\MessageController.class.php 第 168 行.
ERR: Function name must be a string

[ 2020-12-10T00:09:31+08:00 ] ::1 /fitness/index.php/Home/Message/borrow_message
INFO: [ app_init ] --START--
INFO: Run Behavior\BuildLiteBehavior [ RunTime:0.000007s ]
INFO: [ app_init ] --END-- [ RunTime:0.000258s ]
INFO: [ app_begin ] --START--
INFO: Run Behavior\ReadHtmlCacheBehavior [ RunTime:0.000387s ]
INFO: [ app_begin ] --END-- [ RunTime:0.000539s ]
SQL: SHOW COLUMNS FROM `equipment_message` [ RunTime:0.0006s ]
SQL: SELECT * FROM `equipment_message` WHERE `user_id` = 1 AND `word_content` = '哑铃' LIMIT 1   [ RunTime:0.0002s ]
NOTIC: [8] Undefined variable: POST E:\phpstudy_pro\WWW\fitness\Application\Home\Controller\MessageController.class.php 第 165 行.
SQL: UPDATE `equipment_message` SET `state`='1',`borrower_id`='2',`borrower_name`='0' WHERE `user_id` = 1 AND `word_content` = null [ RunTime:0.0001s ]

[ 2020-12-10T00:10:49+08:00 ] ::1 /fitness/index.php/Home/Message/borrow_message
INFO: [ app_init ] --START--
INFO: Run Behavior\BuildLiteBehavior [ RunTime:0.000007s ]
INFO: [ app_init ] --END-- [ RunTime:0.000261s ]
INFO: [ app_begin ] --START--
INFO: Run Behavior\ReadHtmlCacheBehavior [ RunTime:0.000323s ]
INFO: [ app_begin ] --END-- [ RunTime:0.000342s ]
SQL: SHOW COLUMNS FROM `equipment_message` [ RunTime:0.0007s ]
SQL: SELECT * FROM `equipment_message` WHERE `user_id` = 1 AND `word_content` = '哑铃' LIMIT 1   [ RunTime:0.0002s ]
NOTIC: [8] Undefined variable: POST E:\phpstudy_pro\WWW\fitness\Application\Home\Controller\MessageController.class.php 第 165 行.
SQL: UPDATE `equipment_message` SET `state`='1',`borrower_id`='2',`borrower_name`='0' WHERE `user_id` = 1 AND `word_content` = null [ RunTime:0.0002s ]

[ 2020-12-10T00:11:18+08:00 ] ::1 /fitness/index.php/Home/Message/borrow_message
INFO: [ app_init ] --START--
INFO: Run Behavior\BuildLiteBehavior [ RunTime:0.000006s ]
INFO: [ app_init ] --END-- [ RunTime:0.000237s ]
INFO: [ app_begin ] --START--
INFO: Run Behavior\ReadHtmlCacheBehavior [ RunTime:0.000285s ]
INFO: [ app_begin ] --END-- [ RunTime:0.000303s ]
SQL: SHOW COLUMNS FROM `equipment_message` [ RunTime:0.0004s ]
SQL: SELECT * FROM `equipment_message` WHERE `user_id` = 1 AND `word_content` = '哑铃' LIMIT 1   [ RunTime:0.0002s ]
NOTIC: [8] Undefined variable: POST E:\phpstudy_pro\WWW\fitness\Application\Home\Controller\MessageController.class.php 第 165 行.
SQL: UPDATE `equipment_message` SET `state`='1',`borrower_id`='2',`borrower_name`='0' WHERE `user_id` = 1 AND `word_content` = null [ RunTime:0.0001s ]

[ 2020-12-10T00:11:41+08:00 ] ::1 /fitness/index.php/Home/Message/borrow_message
INFO: [ app_init ] --START--
INFO: Run Behavior\BuildLiteBehavior [ RunTime:0.000006s ]
INFO: [ app_init ] --END-- [ RunTime:0.000236s ]
INFO: [ app_begin ] --START--
INFO: Run Behavior\ReadHtmlCacheBehavior [ RunTime:0.000291s ]
INFO: [ app_begin ] --END-- [ RunTime:0.000311s ]
SQL: SHOW COLUMNS FROM `equipment_message` [ RunTime:0.0005s ]
SQL: SELECT * FROM `equipment_message` WHERE `user_id` = 1 AND `word_content` = '哑铃' LIMIT 1   [ RunTime:0.0002s ]
SQL: UPDATE `equipment_message` SET `state`='1',`borrower_id`='2',`borrower_name`='0' WHERE `user_id` = 1 AND `word_content` = '哑铃' [ RunTime:0.0003s ]

[ 2020-12-10T00:13:11+08:00 ] ::1 /fitness/index.php/Home/Message/borrow_message
INFO: [ app_init ] --START--
INFO: Run Behavior\BuildLiteBehavior [ RunTime:0.000006s ]
INFO: [ app_init ] --END-- [ RunTime:0.000279s ]
INFO: [ app_begin ] --START--
INFO: Run Behavior\ReadHtmlCacheBehavior [ RunTime:0.000357s ]
INFO: [ app_begin ] --END-- [ RunTime:0.000379s ]
SQL: SHOW COLUMNS FROM `equipment_message` [ RunTime:0.0007s ]
SQL: SELECT * FROM `equipment_message` WHERE `user_id` = 1 AND `word_content` = '哑铃' LIMIT 1   [ RunTime:0.0002s ]
SQL: UPDATE `equipment_message` SET `state`='1',`borrower_id`='2',`borrower_name`='老帅饼' WHERE `user_id` = 1 AND `word_content` = '哑铃' [ RunTime:0.0002s ]

[ 2020-12-10T00:18:34+08:00 ] ::1 /fitness/index.php/Home/Message/publish_new_equipment_message
INFO: [ app_init ] --START--
INFO: Run Behavior\BuildLiteBehavior [ RunTime:0.000007s ]
INFO: [ app_init ] --END-- [ RunTime:0.000272s ]
INFO: [ app_begin ] --START--
INFO: Run Behavior\ReadHtmlCacheBehavior [ RunTime:0.000333s ]
INFO: [ app_begin ] --END-- [ RunTime:0.000382s ]
ERR: 非法操作:publish_new_equipment_message

[ 2020-12-10T00:19:10+08:00 ] ::1 /fitness/index.php/Home/Message/publish_new_euqipment_message
INFO: [ app_init ] --START--
INFO: Run Behavior\BuildLiteBehavior [ RunTime:0.000005s ]
INFO: [ app_init ] --END-- [ RunTime:0.000192s ]
INFO: [ app_begin ] --START--
INFO: Run Behavior\ReadHtmlCacheBehavior [ RunTime:0.000332s ]
INFO: [ app_begin ] --END-- [ RunTime:0.000351s ]
SQL: SHOW COLUMNS FROM `equipment_message` [ RunTime:0.0008s ]
SQL: INSERT INTO `equipment_message` (`user_id`,`username`,`face_url`,`word_content`,`picture_content`,`state`,`borrower_id`,`borrower_name`,`send_timestamp`) VALUES ('3','老憨迪','pig.jpg','瑜伽垫','999.jpg','0','0','0','1607530750') [ RunTime:0.0002s ]

[ 2020-12-10T00:20:15+08:00 ] ::1 /fitness/index.php/Home/Message/get_all_message
INFO: [ app_init ] --START--
INFO: Run Behavior\BuildLiteBehavior [ RunTime:0.000006s ]
INFO: [ app_init ] --END-- [ RunTime:0.000236s ]
INFO: [ app_begin ] --START--
INFO: Run Behavior\ReadHtmlCacheBehavior [ RunTime:0.000401s ]
INFO: [ app_begin ] --END-- [ RunTime:0.000420s ]
SQL: SHOW COLUMNS FROM `equipment_message` [ RunTime:0.0005s ]
SQL: SELECT * FROM `equipment_message`  [ RunTime:0.0002s ]

[ 2020-12-10T00:22:01+08:00 ] ::1 /fitness/index.php/Home/Message/get_person_message
INFO: [ app_init ] --START--
INFO: Run Behavior\BuildLiteBehavior [ RunTime:0.000006s ]
INFO: [ app_init ] --END-- [ RunTime:0.000275s ]
INFO: [ app_begin ] --START--
INFO: Run Behavior\ReadHtmlCacheBehavior [ RunTime:0.000321s ]
INFO: [ app_begin ] --END-- [ RunTime:0.000339s ]
SQL: SHOW COLUMNS FROM `equipment_message` [ RunTime:0.0008s ]

[ 2020-12-10T00:22:41+08:00 ] ::1 /fitness/index.php/Home/Message/get_person_message
INFO: [ app_init ] --START--
INFO: Run Behavior\BuildLiteBehavior [ RunTime:0.000007s ]
INFO: [ app_init ] --END-- [ RunTime:0.000263s ]
INFO: [ app_begin ] --START--
INFO: Run Behavior\ReadHtmlCacheBehavior [ RunTime:0.000280s ]
INFO: [ app_begin ] --END-- [ RunTime:0.000298s ]
SQL: SHOW COLUMNS FROM `equipment_message` [ RunTime:0.0005s ]

[ 2020-12-10T00:23:09+08:00 ] ::1 /fitness/index.php/Home/Message/get_person_message
INFO: [ app_init ] --START--
INFO: Run Behavior\BuildLiteBehavior [ RunTime:0.000006s ]
INFO: [ app_init ] --END-- [ RunTime:0.000215s ]
INFO: [ app_begin ] --START--
INFO: Run Behavior\ReadHtmlCacheBehavior [ RunTime:0.000287s ]
INFO: [ app_begin ] --END-- [ RunTime:0.000306s ]
SQL: SHOW COLUMNS FROM `equipment_message` [ RunTime:0.0007s ]
SQL: SELECT * FROM `equipment_message` WHERE `user_id` = 1  [ RunTime:0.0003s ]

[ 2020-12-10T00:23:33+08:00 ] ::1 /fitness/index.php/Home/Message/get_person_message
INFO: [ app_init ] --START--
INFO: Run Behavior\BuildLiteBehavior [ RunTime:0.000006s ]
INFO: [ app_init ] --END-- [ RunTime:0.000258s ]
INFO: [ app_begin ] --START--
INFO: Run Behavior\ReadHtmlCacheBehavior [ RunTime:0.000298s ]
INFO: [ app_begin ] --END-- [ RunTime:0.000313s ]
SQL: SHOW COLUMNS FROM `equipment_message` [ RunTime:0.0006s ]
SQL: SELECT * FROM `equipment_message` WHERE `user_id` = 2  [ RunTime:0.0003s ]

[ 2020-12-10T00:45:17+08:00 ] ::1 /fitness/index.php/Home/Message/borrow_message
INFO: [ app_init ] --START--
INFO: Run Behavior\BuildLiteBehavior [ RunTime:0.000006s ]
INFO: [ app_init ] --END-- [ RunTime:0.000287s ]
INFO: [ app_begin ] --START--
INFO: Run Behavior\ReadHtmlCacheBehavior [ RunTime:0.000303s ]
INFO: [ app_begin ] --END-- [ RunTime:0.000322s ]
SQL: SHOW COLUMNS FROM `equipment_message` [ RunTime:0.0008s ]
SQL: SELECT * FROM `equipment_message` WHERE `user_id` = 1 AND `word_content` = '哑铃' LIMIT 1   [ RunTime:0.0003s ]
SQL: UPDATE `equipment_message` SET `state`='1',`borrower_id`='2',`borrower_name`='老帅饼' WHERE `user_id` = 1 AND `word_content` = '哑铃' [ RunTime:0.0002s ]

[ 2020-12-10T00:45:50+08:00 ] ::1 /fitness/index.php/Home/Message/borrow_message
INFO: [ app_init ] --START--
INFO: Run Behavior\BuildLiteBehavior [ RunTime:0.000005s ]
INFO: [ app_init ] --END-- [ RunTime:0.000229s ]
INFO: [ app_begin ] --START--
INFO: Run Behavior\ReadHtmlCacheBehavior [ RunTime:0.000277s ]
INFO: [ app_begin ] --END-- [ RunTime:0.000295s ]
SQL: SHOW COLUMNS FROM `equipment_message` [ RunTime:0.0007s ]
SQL: SELECT * FROM `equipment_message` WHERE `user_id` = 3 AND `word_content` = '瑜伽垫' LIMIT 1   [ RunTime:0.0002s ]
SQL: UPDATE `equipment_message` SET `state`='1',`borrower_id`='2',`borrower_name`='老帅饼' WHERE `user_id` = 3 AND `word_content` = '瑜伽垫' [ RunTime:0.0003s ]

